<?xml version="1.0" encoding="UTF-8"?>
<testsuite name="com.example.project1.service.CommentServiceTest" tests="2" skipped="1" failures="0" errors="0" timestamp="2022-03-24T11:59:24" hostname="BHARGAVAREDDY" time="0.158">
  <properties/>
  <testcase name="deleteCommentTest()" classname="com.example.project1.service.CommentServiceTest" time="0.001">
    <skipped/>
  </testcase>
  <testcase name="addCommentTest()" classname="com.example.project1.service.CommentServiceTest" time="0.155"/>
  <system-out><![CDATA[2022-03-24 17:29:24.708  INFO 23496 --- [    Test worker] .b.t.c.SpringBootTestContextBootstrapper : Neither @ContextConfiguration nor @ContextHierarchy found for test class [com.example.project1.service.CommentServiceTest], using SpringBootContextLoader
2022-03-24 17:29:24.709  INFO 23496 --- [    Test worker] o.s.t.c.support.AbstractContextLoader    : Could not detect default resource locations for test class [com.example.project1.service.CommentServiceTest]: no resource found for suffixes {-context.xml, Context.groovy}.
2022-03-24 17:29:24.710  INFO 23496 --- [    Test worker] t.c.s.AnnotationConfigContextLoaderUtils : Could not detect default configuration classes for test class [com.example.project1.service.CommentServiceTest]: CommentServiceTest does not declare any static, non-private, non-final, nested classes annotated with @Configuration.
2022-03-24 17:29:24.719  INFO 23496 --- [    Test worker] .b.t.c.SpringBootTestContextBootstrapper : Found @SpringBootConfiguration com.example.project1.CaseStudyApplication for test class com.example.project1.service.CommentServiceTest
2022-03-24 17:29:24.721  INFO 23496 --- [    Test worker] .b.t.c.SpringBootTestContextBootstrapper : Loaded default TestExecutionListener class names from location [META-INF/spring.factories]: [org.springframework.boot.test.autoconfigure.restdocs.RestDocsTestExecutionListener, org.springframework.boot.test.autoconfigure.web.client.MockRestServiceServerResetTestExecutionListener, org.springframework.boot.test.autoconfigure.web.servlet.MockMvcPrintOnlyOnFailureTestExecutionListener, org.springframework.boot.test.autoconfigure.web.servlet.WebDriverTestExecutionListener, org.springframework.boot.test.autoconfigure.webservices.client.MockWebServiceServerTestExecutionListener, org.springframework.boot.test.mock.mockito.MockitoTestExecutionListener, org.springframework.boot.test.mock.mockito.ResetMocksTestExecutionListener, org.springframework.test.context.web.ServletTestExecutionListener, org.springframework.test.context.support.DirtiesContextBeforeModesTestExecutionListener, org.springframework.test.context.event.ApplicationEventsTestExecutionListener, org.springframework.test.context.support.DependencyInjectionTestExecutionListener, org.springframework.test.context.support.DirtiesContextTestExecutionListener, org.springframework.test.context.transaction.TransactionalTestExecutionListener, org.springframework.test.context.jdbc.SqlScriptsTestExecutionListener, org.springframework.test.context.event.EventPublishingTestExecutionListener]
2022-03-24 17:29:24.722  INFO 23496 --- [    Test worker] .b.t.c.SpringBootTestContextBootstrapper : Using TestExecutionListeners: [org.springframework.test.context.web.ServletTestExecutionListener@4bd1cd35, org.springframework.test.context.support.DirtiesContextBeforeModesTestExecutionListener@3ffcace2, org.springframework.test.context.event.ApplicationEventsTestExecutionListener@c56ffea, org.springframework.boot.test.mock.mockito.MockitoTestExecutionListener@28ad8dd, org.springframework.boot.test.autoconfigure.SpringBootDependencyInjectionTestExecutionListener@477715dc, org.springframework.test.context.support.DirtiesContextTestExecutionListener@1db62a6c, org.springframework.test.context.transaction.TransactionalTestExecutionListener@26243f9f, org.springframework.test.context.jdbc.SqlScriptsTestExecutionListener@72bc57b6, org.springframework.test.context.event.EventPublishingTestExecutionListener@d1a75c8, org.springframework.boot.test.autoconfigure.restdocs.RestDocsTestExecutionListener@21d3db4d, org.springframework.boot.test.autoconfigure.web.client.MockRestServiceServerResetTestExecutionListener@268cc02f, org.springframework.boot.test.autoconfigure.web.servlet.MockMvcPrintOnlyOnFailureTestExecutionListener@361d32af, org.springframework.boot.test.autoconfigure.web.servlet.WebDriverTestExecutionListener@6877b591, org.springframework.boot.test.autoconfigure.webservices.client.MockWebServiceServerTestExecutionListener@57c11261, org.springframework.boot.test.mock.mockito.ResetMocksTestExecutionListener@178c2d0e]
Hibernate: 
    select
        comment0_.comment_id as comment_1_0_0_,
        comment0_.comment_description as comment_2_0_0_,
        comment0_.vote_up as vote_up3_0_0_,
        comment0_.votes as votes4_0_0_ 
    from
        comment comment0_ 
    where
        comment0_.comment_id=?
Hibernate: 
    select
        nextval ('hibernate_sequence')
Hibernate: 
    insert 
    into
        comment
        (comment_description, vote_up, votes, comment_id) 
    values
        (?, ?, ?, ?)
]]></system-out>
  <system-err><![CDATA[]]></system-err>
</testsuite>
