<?xml version="1.0" encoding="UTF-8"?>
<testsuite name="com.example.project1.CaseStudyApplicationTests" tests="1" skipped="0" failures="0" errors="0" timestamp="2022-03-24T11:59:24" hostname="BHARGAVAREDDY" time="0.131">
  <properties/>
  <testcase name="contextLoads()" classname="com.example.project1.CaseStudyApplicationTests" time="0.131"/>
  <system-out><![CDATA[17:29:13.996 [Test worker] DEBUG org.springframework.test.context.BootstrapUtils - Instantiating CacheAwareContextLoaderDelegate from class [org.springframework.test.context.cache.DefaultCacheAwareContextLoaderDelegate]
17:29:14.023 [Test worker] DEBUG org.springframework.test.context.BootstrapUtils - Instantiating BootstrapContext using constructor [public org.springframework.test.context.support.DefaultBootstrapContext(java.lang.Class,org.springframework.test.context.CacheAwareContextLoaderDelegate)]
17:29:14.113 [Test worker] DEBUG org.springframework.test.context.BootstrapUtils - Instantiating TestContextBootstrapper for test class [com.example.project1.CaseStudyApplicationTests] from class [org.springframework.boot.test.context.SpringBootTestContextBootstrapper]
17:29:14.144 [Test worker] INFO org.springframework.boot.test.context.SpringBootTestContextBootstrapper - Neither @ContextConfiguration nor @ContextHierarchy found for test class [com.example.project1.CaseStudyApplicationTests], using SpringBootContextLoader
17:29:14.153 [Test worker] DEBUG org.springframework.test.context.support.AbstractContextLoader - Did not detect default resource location for test class [com.example.project1.CaseStudyApplicationTests]: class path resource [com/example/project1/CaseStudyApplicationTests-context.xml] does not exist
17:29:14.154 [Test worker] DEBUG org.springframework.test.context.support.AbstractContextLoader - Did not detect default resource location for test class [com.example.project1.CaseStudyApplicationTests]: class path resource [com/example/project1/CaseStudyApplicationTestsContext.groovy] does not exist
17:29:14.154 [Test worker] INFO org.springframework.test.context.support.AbstractContextLoader - Could not detect default resource locations for test class [com.example.project1.CaseStudyApplicationTests]: no resource found for suffixes {-context.xml, Context.groovy}.
17:29:14.156 [Test worker] INFO org.springframework.test.context.support.AnnotationConfigContextLoaderUtils - Could not detect default configuration classes for test class [com.example.project1.CaseStudyApplicationTests]: CaseStudyApplicationTests does not declare any static, non-private, non-final, nested classes annotated with @Configuration.
17:29:14.242 [Test worker] DEBUG org.springframework.test.context.support.ActiveProfilesUtils - Could not find an 'annotation declaring class' for annotation type [org.springframework.test.context.ActiveProfiles] and class [com.example.project1.CaseStudyApplicationTests]
17:29:14.395 [Test worker] DEBUG org.springframework.context.annotation.ClassPathScanningCandidateComponentProvider - Identified candidate component class: file [C:\Users\Bhargav Reddy\Documents\workspace-spring-tool-suite-4-4.13.1.RELEASE\CaseStudy\build\classes\java\main\com\example\project1\CaseStudyApplication.class]
17:29:14.403 [Test worker] INFO org.springframework.boot.test.context.SpringBootTestContextBootstrapper - Found @SpringBootConfiguration com.example.project1.CaseStudyApplication for test class com.example.project1.CaseStudyApplicationTests
17:29:14.653 [Test worker] DEBUG org.springframework.boot.test.context.SpringBootTestContextBootstrapper - @TestExecutionListeners is not present for class [com.example.project1.CaseStudyApplicationTests]: using defaults.
17:29:14.657 [Test worker] INFO org.springframework.boot.test.context.SpringBootTestContextBootstrapper - Loaded default TestExecutionListener class names from location [META-INF/spring.factories]: [org.springframework.boot.test.autoconfigure.restdocs.RestDocsTestExecutionListener, org.springframework.boot.test.autoconfigure.web.client.MockRestServiceServerResetTestExecutionListener, org.springframework.boot.test.autoconfigure.web.servlet.MockMvcPrintOnlyOnFailureTestExecutionListener, org.springframework.boot.test.autoconfigure.web.servlet.WebDriverTestExecutionListener, org.springframework.boot.test.autoconfigure.webservices.client.MockWebServiceServerTestExecutionListener, org.springframework.boot.test.mock.mockito.MockitoTestExecutionListener, org.springframework.boot.test.mock.mockito.ResetMocksTestExecutionListener, org.springframework.test.context.web.ServletTestExecutionListener, org.springframework.test.context.support.DirtiesContextBeforeModesTestExecutionListener, org.springframework.test.context.event.ApplicationEventsTestExecutionListener, org.springframework.test.context.support.DependencyInjectionTestExecutionListener, org.springframework.test.context.support.DirtiesContextTestExecutionListener, org.springframework.test.context.transaction.TransactionalTestExecutionListener, org.springframework.test.context.jdbc.SqlScriptsTestExecutionListener, org.springframework.test.context.event.EventPublishingTestExecutionListener]
17:29:14.689 [Test worker] INFO org.springframework.boot.test.context.SpringBootTestContextBootstrapper - Using TestExecutionListeners: [org.springframework.test.context.web.ServletTestExecutionListener@309e3f34, org.springframework.test.context.support.DirtiesContextBeforeModesTestExecutionListener@554d040d, org.springframework.test.context.event.ApplicationEventsTestExecutionListener@3fe24670, org.springframework.boot.test.mock.mockito.MockitoTestExecutionListener@3c46e6f6, org.springframework.boot.test.autoconfigure.SpringBootDependencyInjectionTestExecutionListener@7d6019d5, org.springframework.test.context.support.DirtiesContextTestExecutionListener@40b01718, org.springframework.test.context.transaction.TransactionalTestExecutionListener@6d4c18b8, org.springframework.test.context.jdbc.SqlScriptsTestExecutionListener@663622b1, org.springframework.test.context.event.EventPublishingTestExecutionListener@1be52113, org.springframework.boot.test.autoconfigure.restdocs.RestDocsTestExecutionListener@5badeda0, org.springframework.boot.test.autoconfigure.web.client.MockRestServiceServerResetTestExecutionListener@56a9a7b5, org.springframework.boot.test.autoconfigure.web.servlet.MockMvcPrintOnlyOnFailureTestExecutionListener@1dd247b, org.springframework.boot.test.autoconfigure.web.servlet.WebDriverTestExecutionListener@338270ea, org.springframework.boot.test.autoconfigure.webservices.client.MockWebServiceServerTestExecutionListener@7f64bd7, org.springframework.boot.test.mock.mockito.ResetMocksTestExecutionListener@1c79d093]
17:29:14.693 [Test worker] DEBUG org.springframework.test.context.support.AbstractDirtiesContextTestExecutionListener - Before test class: context [DefaultTestContext@6b103db7 testClass = CaseStudyApplicationTests, testInstance = [null], testMethod = [null], testException = [null], mergedContextConfiguration = [WebMergedContextConfiguration@b3042ed testClass = CaseStudyApplicationTests, locations = '{}', classes = '{class com.example.project1.CaseStudyApplication}', contextInitializerClasses = '[]', activeProfiles = '{}', propertySourceLocations = '{}', propertySourceProperties = '{org.springframework.boot.test.context.SpringBootTestContextBootstrapper=true}', contextCustomizers = set[org.springframework.boot.test.autoconfigure.actuate.metrics.MetricsExportContextCustomizerFactory$DisableMetricExportContextCustomizer@5b29ab61, org.springframework.boot.test.autoconfigure.properties.PropertyMappingContextCustomizer@0, org.springframework.boot.test.autoconfigure.web.servlet.WebDriverContextCustomizerFactory$Customizer@7971c2a9, org.springframework.boot.test.context.filter.ExcludeFilterContextCustomizer@411fa0ce, org.springframework.boot.test.json.DuplicateJsonObjectContextCustomizerFactory$DuplicateJsonObjectContextCustomizer@58f254b1, org.springframework.boot.test.mock.mockito.MockitoContextCustomizer@0, org.springframework.boot.test.web.client.TestRestTemplateContextCustomizer@33ec2c0c, org.springframework.boot.test.context.SpringBootTestArgs@1, org.springframework.boot.test.context.SpringBootTestWebEnvironment@14151bc5], resourceBasePath = 'src/main/webapp', contextLoader = 'org.springframework.boot.test.context.SpringBootContextLoader', parent = [null]], attributes = map['org.springframework.test.context.web.ServletTestExecutionListener.activateListener' -> true]], class annotated with @DirtiesContext [false] with mode [null].

  .   ____          _            __ _ _
 /\\ / ___'_ __ _ _(_)_ __  __ _ \ \ \ \
( ( )\___ | '_ | '_| | '_ \/ _` | \ \ \ \
 \\/  ___)| |_)| | | | | || (_| |  ) ) ) )
  '  |____| .__|_| |_|_| |_\__, | / / / /
 =========|_|==============|___/=/_/_/_/
 :: Spring Boot ::                (v2.6.4)

2022-03-24 17:29:15.290  INFO 23496 --- [    Test worker] c.e.project1.CaseStudyApplicationTests   : Starting CaseStudyApplicationTests using Java 1.8.0_321 on BhargavaReddy with PID 23496 (started by Bhargav Reddy in C:\Users\Bhargav Reddy\Documents\workspace-spring-tool-suite-4-4.13.1.RELEASE\CaseStudy)
2022-03-24 17:29:15.292  INFO 23496 --- [    Test worker] c.e.project1.CaseStudyApplicationTests   : No active profile set, falling back to 1 default profile: "default"
2022-03-24 17:29:16.854  INFO 23496 --- [    Test worker] .s.d.r.c.RepositoryConfigurationDelegate : Bootstrapping Spring Data JPA repositories in DEFAULT mode.
2022-03-24 17:29:16.956  INFO 23496 --- [    Test worker] .s.d.r.c.RepositoryConfigurationDelegate : Finished Spring Data repository scanning in 80 ms. Found 1 JPA repository interfaces.
2022-03-24 17:29:18.001  INFO 23496 --- [    Test worker] o.hibernate.jpa.internal.util.LogHelper  : HHH000204: Processing PersistenceUnitInfo [name: default]
2022-03-24 17:29:18.143  INFO 23496 --- [    Test worker] org.hibernate.Version                    : HHH000412: Hibernate ORM core version 5.6.5.Final
2022-03-24 17:29:18.551  INFO 23496 --- [    Test worker] o.hibernate.annotations.common.Version   : HCANN000001: Hibernate Commons Annotations {5.1.2.Final}
2022-03-24 17:29:18.834  INFO 23496 --- [    Test worker] com.zaxxer.hikari.HikariDataSource       : HikariPool-1 - Starting...
2022-03-24 17:29:19.487  INFO 23496 --- [    Test worker] com.zaxxer.hikari.HikariDataSource       : HikariPool-1 - Start completed.
2022-03-24 17:29:19.536  INFO 23496 --- [    Test worker] org.hibernate.dialect.Dialect            : HHH000400: Using dialect: org.hibernate.dialect.PostgreSQLDialect
2022-03-24 17:29:21.223  INFO 23496 --- [    Test worker] o.h.e.t.j.p.i.JtaPlatformInitiator       : HHH000490: Using JtaPlatform implementation: [org.hibernate.engine.transaction.jta.platform.internal.NoJtaPlatform]
2022-03-24 17:29:21.237  INFO 23496 --- [    Test worker] j.LocalContainerEntityManagerFactoryBean : Initialized JPA EntityManagerFactory for persistence unit 'default'
2022-03-24 17:29:22.332  WARN 23496 --- [    Test worker] JpaBaseConfiguration$JpaWebConfiguration : spring.jpa.open-in-view is enabled by default. Therefore, database queries may be performed during view rendering. Explicitly configure spring.jpa.open-in-view to disable this warning
2022-03-24 17:29:24.173  INFO 23496 --- [    Test worker] c.e.project1.CaseStudyApplicationTests   : Started CaseStudyApplicationTests in 9.396 seconds (JVM running for 11.942)
]]></system-out>
  <system-err><![CDATA[]]></system-err>
</testsuite>
