<?xml version="1.0" encoding="UTF-8"?>
<testsuite name="com.example.project1.service.CommentServiceMockitoTest" tests="3" skipped="0" failures="0" errors="0" timestamp="2022-03-24T11:59:24" hostname="BHARGAVAREDDY" time="0.059">
  <properties/>
  <testcase name="deleteCommentTest()" classname="com.example.project1.service.CommentServiceMockitoTest" time="0.044"/>
  <testcase name="addCommentTest()" classname="com.example.project1.service.CommentServiceMockitoTest" time="0.006"/>
  <testcase name="upVote()" classname="com.example.project1.service.CommentServiceMockitoTest" time="0.004"/>
  <system-out><![CDATA[2022-03-24 17:29:24.360  INFO 23496 --- [    Test worker] o.s.t.c.s.DefaultTestContextBootstrapper : Neither @ContextConfiguration nor @ContextHierarchy found for test class [com.example.project1.service.CommentServiceMockitoTest], using DelegatingSmartContextLoader
2022-03-24 17:29:24.362  INFO 23496 --- [    Test worker] o.s.t.c.support.AbstractContextLoader    : Could not detect default resource locations for test class [com.example.project1.service.CommentServiceMockitoTest]: no resource found for suffixes {-context.xml}.
2022-03-24 17:29:24.362  INFO 23496 --- [    Test worker] t.c.s.AnnotationConfigContextLoaderUtils : Could not detect default configuration classes for test class [com.example.project1.service.CommentServiceMockitoTest]: CommentServiceMockitoTest does not declare any static, non-private, non-final, nested classes annotated with @Configuration.
2022-03-24 17:29:24.364  INFO 23496 --- [    Test worker] o.s.t.c.s.DefaultTestContextBootstrapper : Loaded default TestExecutionListener class names from location [META-INF/spring.factories]: [org.springframework.boot.test.autoconfigure.restdocs.RestDocsTestExecutionListener, org.springframework.boot.test.autoconfigure.web.client.MockRestServiceServerResetTestExecutionListener, org.springframework.boot.test.autoconfigure.web.servlet.MockMvcPrintOnlyOnFailureTestExecutionListener, org.springframework.boot.test.autoconfigure.web.servlet.WebDriverTestExecutionListener, org.springframework.boot.test.autoconfigure.webservices.client.MockWebServiceServerTestExecutionListener, org.springframework.boot.test.mock.mockito.MockitoTestExecutionListener, org.springframework.boot.test.mock.mockito.ResetMocksTestExecutionListener, org.springframework.test.context.web.ServletTestExecutionListener, org.springframework.test.context.support.DirtiesContextBeforeModesTestExecutionListener, org.springframework.test.context.event.ApplicationEventsTestExecutionListener, org.springframework.test.context.support.DependencyInjectionTestExecutionListener, org.springframework.test.context.support.DirtiesContextTestExecutionListener, org.springframework.test.context.transaction.TransactionalTestExecutionListener, org.springframework.test.context.jdbc.SqlScriptsTestExecutionListener, org.springframework.test.context.event.EventPublishingTestExecutionListener]
2022-03-24 17:29:24.364  INFO 23496 --- [    Test worker] o.s.t.c.s.DefaultTestContextBootstrapper : Using TestExecutionListeners: [org.springframework.test.context.web.ServletTestExecutionListener@28c9de22, org.springframework.test.context.support.DirtiesContextBeforeModesTestExecutionListener@53b0dc1c, org.springframework.test.context.event.ApplicationEventsTestExecutionListener@3e15d78c, org.springframework.boot.test.mock.mockito.MockitoTestExecutionListener@2fae9464, org.springframework.test.context.support.DependencyInjectionTestExecutionListener@49f0777d, org.springframework.test.context.support.DirtiesContextTestExecutionListener@1c750263, org.springframework.test.context.transaction.TransactionalTestExecutionListener@ccc1fd6, org.springframework.test.context.jdbc.SqlScriptsTestExecutionListener@571aa79f, org.springframework.test.context.event.EventPublishingTestExecutionListener@1d1b699e, org.springframework.boot.test.autoconfigure.restdocs.RestDocsTestExecutionListener@29c90644, org.springframework.boot.test.autoconfigure.web.client.MockRestServiceServerResetTestExecutionListener@45979e04, org.springframework.boot.test.autoconfigure.web.servlet.MockMvcPrintOnlyOnFailureTestExecutionListener@47b3ef76, org.springframework.boot.test.autoconfigure.web.servlet.WebDriverTestExecutionListener@1a22987, org.springframework.boot.test.autoconfigure.webservices.client.MockWebServiceServerTestExecutionListener@6038f4d1, org.springframework.boot.test.mock.mockito.ResetMocksTestExecutionListener@19a6216c]
]]></system-out>
  <system-err><![CDATA[]]></system-err>
</testsuite>
